<?xml version="1.0" encoding="UTF-8"?>
<!-- Generated by org.testng.reporters.JUnitXMLReporter -->
<testsuite ignored="0" hostname="MPuH-Nitro5" failures="2" tests="10" name="ISkillo_Search_Test" time="120.298" errors="0" timestamp="2023-02-19T12:56:52 EET">
  <testcase classname="SearchFieldTests" name="testFollowUserInSearchField" time="8.97">
    <skipped/>
  </testcase> <!-- testFollowUserInSearchField -->
  <testcase classname="SearchFieldTests" name="testFollowUserInSearchField" time="7.277">
    <skipped/>
  </testcase> <!-- testFollowUserInSearchField -->
  <testcase classname="SearchFieldTests" name="testFollowUserInSearchField" time="8.323">
    <skipped/>
  </testcase> <!-- testFollowUserInSearchField -->
  <testcase classname="SearchFieldTests" name="testFollowUserInSearchField" time="8.234">
    <failure type="java.lang.AssertionError" message="The user is not Followed! expected [Unfollow] but found [Follow]">
      <![CDATA[java.lang.AssertionError: The user is not Followed! expected [Unfollow] but found [Follow]
at SearchFieldTests.testFollowUserInSearchField(SearchFieldTests.java:107)
at java.base/java.util.ArrayList.forEach(ArrayList.java:1540)
at com.intellij.rt.testng.IDEARemoteTestNG.run(IDEARemoteTestNG.java:66)
at com.intellij.rt.testng.RemoteTestNGStarter.main(RemoteTestNGStarter.java:109)
... Removed 29 stack frames]]>
    </failure>
  </testcase> <!-- testFollowUserInSearchField -->
  <testcase classname="SearchFieldTests" name="testNoResultsFoundInSearchField" time="12.077">
    <failure type="java.lang.AssertionError" message="Users are found! expected [true] but found [false]">
      <![CDATA[java.lang.AssertionError: Users are found! expected [true] but found [false]
at SearchFieldTests.testNoResultsFoundInSearchField(SearchFieldTests.java:70)
at java.base/java.util.ArrayList.forEach(ArrayList.java:1540)
at com.intellij.rt.testng.IDEARemoteTestNG.run(IDEARemoteTestNG.java:66)
at com.intellij.rt.testng.RemoteTestNGStarter.main(RemoteTestNGStarter.java:109)
... Removed 27 stack frames]]>
    </failure>
  </testcase> <!-- testNoResultsFoundInSearchField -->
  <testcase classname="SearchFieldTests" name="testSearchFieldFindUserOnHomePage" time="8.767"/>
  <testcase classname="SearchFieldTests" name="testSearchFieldOnProfilePage" time="10.266"/>
  <testcase classname="SearchFieldTests" name="testShowAllUsersInSearchField" time="24.422"/>
  <testcase classname="SearchFieldTests" name="testUnFollowUserInSearchField" time="8.85"/>
  <testcase classname="SearchFieldTests" name="testVisibilityOfSearchBarAfterLogin" time="1.599"/>
</testsuite> <!-- ISkillo_Search_Test -->
