<!DOCTYPE html PUBLIC "-//W3C//DTD XHTML 1.1//EN" "https://www.w3.org/TR/xhtml11/DTD/xhtml11.dtd">
<html xmlns="https://www.w3.org/1999/xhtml">
<head>
<meta http-equiv="content-type" content="text/html; charset=UTF-8"/>
<title>TestNG Report</title>
<style type="text/css">table {margin-bottom:10px;border-collapse:collapse;empty-cells:show}th,td {border:1px solid #009;padding:.25em .5em}th {vertical-align:bottom}td {vertical-align:top}table a {font-weight:bold}.stripe td {background-color: #E6EBF9}.num {text-align:right}.passedodd td {background-color: #3F3}.passedeven td {background-color: #0A0}.skippedodd td {background-color: #DDD}.skippedeven td {background-color: #CCC}.failedodd td,.attn {background-color: #F33}.failedeven td,.stripe .attn {background-color: #D00}.stacktrace {white-space:pre;font-family:monospace}.totop {font-size:85%;text-align:center;border-bottom:2px solid #000}.invisible {display:none}</style>
</head>
<body>
<table>
<tr><th>Test</th><th># Passed</th><th># Skipped</th><th># Retried</th><th># Failed</th><th>Time (ms)</th><th>Included Groups</th><th>Excluded Groups</th></tr>
<tr><th colspan="8">Default Suite</th></tr>
<tr><td><a href="#t0">ISkillo_Search_Test</a></td><td class="num">5</td><td class="num">0</td><td class="num attn">1</td><td class="num attn">2</td><td class="num">105Â 658</td><td></td><td></td></tr>
</table>
<table id='summary'><thead><tr><th>Class</th><th>Method</th><th>Start</th><th>Time (ms)</th></tr></thead><tbody><tr><th colspan="4">Default Suite</th></tr></tbody><tbody id="t0"><tr><th colspan="4">ISkillo_Search_Test &#8212; failed</th></tr><tr class="failedeven"><td rowspan="2">SearchFieldTests</td><td><a href="#m0">testNoResultsFoundInSearchField</a></td><td rowspan="1">1677156782573</td><td rowspan="1">23012</td></tr><tr class="failedeven"><td><a href="#m1">testUnFollowUserInSearchField</a></td><td rowspan="1">1677156863336</td><td rowspan="1">8517</td></tr><tr><th colspan="4">ISkillo_Search_Test &#8212; retried</th></tr><tr class="retriedeven"><td rowspan="1">SearchFieldTests</td><td><a href="#m2">testUnFollowUserInSearchField</a></td><td rowspan="1">1677156853266</td><td rowspan="1">8624</td></tr><tr><th colspan="4">ISkillo_Search_Test &#8212; passed</th></tr><tr class="passedeven"><td rowspan="5">SearchFieldTests</td><td><a href="#m3">testFollowUserInSearchField</a></td><td rowspan="1">1677156772070</td><td rowspan="1">9052</td></tr><tr class="passedeven"><td><a href="#m4">testSearchFieldFindUserOnHomePage</a></td><td rowspan="1">1677156807718</td><td rowspan="1">6662</td></tr><tr class="passedeven"><td><a href="#m5">testSearchFieldOnProfilePage</a></td><td rowspan="1">1677156815837</td><td rowspan="1">10252</td></tr><tr class="passedeven"><td><a href="#m6">testShowAllUsersInSearchField</a></td><td rowspan="1">1677156827565</td><td rowspan="1">24268</td></tr><tr class="passedeven"><td><a href="#m7">testVisibilityOfSearchBarAfterLogin</a></td><td rowspan="1">1677156873601</td><td rowspan="1">1742</td></tr></tbody>
</table>
<h2>ISkillo_Search_Test</h2><h3 id="m0">SearchFieldTests#testNoResultsFoundInSearchField</h3><table class="result"><tr class="param"><th>Parameter #1</th><th>Parameter #2</th><th>Parameter #3</th></tr><tr class="param stripe"><td>m_puh</td><td>metodi86</td><td>Lora</td></tr><tr><th colspan="3">Exception</th></tr><tr><td colspan="3"><div class="stacktrace">org.openqa.selenium.NoSuchElementException: no such element: Unable to locate element: {&quot;method&quot;:&quot;css selector&quot;,&quot;selector&quot;:&quot;.dropdown\-container&quot;}
  (Session info: chrome=110.0.5481.104)
For documentation on this error, please visit: https://selenium.dev/exceptions/#no_such_element
Build info: version: &apos;4.7.1&apos;, revision: &apos;c6795baf1a3&apos;
System info: os.name: &apos;Windows 10&apos;, os.arch: &apos;amd64&apos;, os.version: &apos;10.0&apos;, java.version: &apos;11.0.2&apos;
Driver info: org.openqa.selenium.chrome.ChromeDriver
Command: [58ea1c187f5e01827c2d72b04175772a, findElement {using=class name, value=dropdown-container}]
Capabilities {acceptInsecureCerts: false, browserName: chrome, browserVersion: 110.0.5481.104, chrome: {chromedriverVersion: 110.0.5481.77 (65ed616c6e8e..., userDataDir: C:\Users\metoa\AppData\Loca...}, goog:chromeOptions: {debuggerAddress: localhost:56646}, networkConnectionEnabled: false, pageLoadStrategy: normal, platformName: WINDOWS, proxy: Proxy(), se:cdp: ws://localhost:56646/devtoo..., se:cdpVersion: 110.0.5481.104, setWindowRect: true, strictFileInteractability: false, timeouts: {implicit: 0, pageLoad: 300000, script: 30000}, unhandledPromptBehavior: dismiss and notify, webauthn:extension:credBlob: true, webauthn:extension:largeBlob: true, webauthn:virtualAuthenticators: true}
Session ID: 58ea1c187f5e01827c2d72b04175772a
	at org.openqa.selenium.remote.codec.w3c.W3CHttpResponseCodec.createException(W3CHttpResponseCodec.java:200)
	at org.openqa.selenium.remote.codec.w3c.W3CHttpResponseCodec.decode(W3CHttpResponseCodec.java:133)
	at org.openqa.selenium.remote.codec.w3c.W3CHttpResponseCodec.decode(W3CHttpResponseCodec.java:53)
	at org.openqa.selenium.remote.HttpCommandExecutor.execute(HttpCommandExecutor.java:184)
	at org.openqa.selenium.remote.service.DriverCommandExecutor.invokeExecute(DriverCommandExecutor.java:167)
	at org.openqa.selenium.remote.service.DriverCommandExecutor.execute(DriverCommandExecutor.java:142)
	at org.openqa.selenium.remote.RemoteWebDriver.execute(RemoteWebDriver.java:551)
	at org.openqa.selenium.remote.ElementLocation$ElementFinder$2.findElement(ElementLocation.java:162)
	at org.openqa.selenium.remote.ElementLocation.findElement(ElementLocation.java:66)
	at org.openqa.selenium.remote.RemoteWebDriver.findElement(RemoteWebDriver.java:367)
	at org.openqa.selenium.remote.RemoteWebDriver.findElement(RemoteWebDriver.java:359)
	at iSkillo.Elements.pageObject.Header.dropDownContainer(Header.java:118)
	at SearchFieldTests.testNoResultsFoundInSearchField(SearchFieldTests.java:131)
	at java.base/java.util.ArrayList.forEach(ArrayList.java:1540)
	at com.intellij.rt.testng.IDEARemoteTestNG.run(IDEARemoteTestNG.java:66)
	at com.intellij.rt.testng.RemoteTestNGStarter.main(RemoteTestNGStarter.java:109)
... Removed 28 stack frames</div></td></tr></table><p class="totop"><a href="#summary">back to summary</a></p>
<h3 id="m1">SearchFieldTests#testUnFollowUserInSearchField</h3><table class="result"><tr class="param"><th>Parameter #1</th><th>Parameter #2</th><th>Parameter #3</th></tr><tr class="param stripe"><td>m_puh</td><td>metodi86</td><td>Lora</td></tr><tr><th colspan="3">Exception</th></tr><tr><td colspan="3"><div class="stacktrace">java.lang.AssertionError: The user is not Unfollowed! expected [Follow] but found [Unfollow]
	at SearchFieldTests.testUnFollowUserInSearchField(SearchFieldTests.java:117)
	at java.base/java.util.ArrayList.forEach(ArrayList.java:1540)
	at com.intellij.rt.testng.IDEARemoteTestNG.run(IDEARemoteTestNG.java:66)
	at com.intellij.rt.testng.RemoteTestNGStarter.main(RemoteTestNGStarter.java:109)
... Removed 29 stack frames</div></td></tr></table><p class="totop"><a href="#summary">back to summary</a></p>
<h3 id="m2">SearchFieldTests#testUnFollowUserInSearchField</h3><table class="result"><tr class="param"><th>Parameter #1</th><th>Parameter #2</th><th>Parameter #3</th></tr><tr class="param stripe"><td>m_puh</td><td>metodi86</td><td>Lora</td></tr><tr><th colspan="3">Exception</th></tr><tr><td colspan="3"><div class="stacktrace">java.lang.AssertionError: The user is not Unfollowed! expected [Follow] but found [Unfollow]
	at SearchFieldTests.testUnFollowUserInSearchField(SearchFieldTests.java:117)
	at java.base/java.util.ArrayList.forEach(ArrayList.java:1540)
	at com.intellij.rt.testng.IDEARemoteTestNG.run(IDEARemoteTestNG.java:66)
	at com.intellij.rt.testng.RemoteTestNGStarter.main(RemoteTestNGStarter.java:109)
... Removed 29 stack frames</div></td></tr></table><p class="totop"><a href="#summary">back to summary</a></p>
<h3 id="m3">SearchFieldTests#testFollowUserInSearchField</h3><table class="result"><tr class="param"><th>Parameter #1</th><th>Parameter #2</th><th>Parameter #3</th></tr><tr class="param stripe"><td>m_puh</td><td>metodi86</td><td>Lora</td></tr></table><p class="totop"><a href="#summary">back to summary</a></p>
<h3 id="m4">SearchFieldTests#testSearchFieldFindUserOnHomePage</h3><table class="result"><tr class="param"><th>Parameter #1</th><th>Parameter #2</th><th>Parameter #3</th></tr><tr class="param stripe"><td>m_puh</td><td>metodi86</td><td>Lora</td></tr></table><p class="totop"><a href="#summary">back to summary</a></p>
<h3 id="m5">SearchFieldTests#testSearchFieldOnProfilePage</h3><table class="result"><tr class="param"><th>Parameter #1</th><th>Parameter #2</th><th>Parameter #3</th></tr><tr class="param stripe"><td>m_puh</td><td>metodi86</td><td>Lora</td></tr></table><p class="totop"><a href="#summary">back to summary</a></p>
<h3 id="m6">SearchFieldTests#testShowAllUsersInSearchField</h3><table class="result"><tr class="param"><th>Parameter #1</th><th>Parameter #2</th><th>Parameter #3</th></tr><tr class="param stripe"><td>m_puh</td><td>metodi86</td><td>Lora</td></tr></table><p class="totop"><a href="#summary">back to summary</a></p>
<h3 id="m7">SearchFieldTests#testVisibilityOfSearchBarAfterLogin</h3><table class="result"><tr class="param"><th>Parameter #1</th><th>Parameter #2</th><th>Parameter #3</th></tr><tr class="param stripe"><td>m_puh</td><td>metodi86</td><td>Lora</td></tr></table><p class="totop"><a href="#summary">back to summary</a></p>
</body>
</html>
