<?xml version="1.0" encoding="UTF-8"?>
<!-- Generated by org.testng.reporters.JUnitXMLReporter -->
<testsuite ignored="0" hostname="MPuH-Nitro5" failures="2" tests="8" name="ISkillo_Search_Test" time="105.658" errors="0" timestamp="2023-02-23T14:54:36 EET">
  <testcase classname="SearchFieldTests" name="testFollowUserInSearchField" time="9.052"/>
  <testcase classname="SearchFieldTests" name="testNoResultsFoundInSearchField" time="23.012">
    <failure type="org.openqa.selenium.NoSuchElementException" message="no such element: Unable to locate element: {&amp;quot;method&amp;quot;:&amp;quot;css selector&amp;quot;,&amp;quot;selector&amp;quot;:&amp;quot;.dropdown\-container&amp;quot;}
  (Session info: chrome=110.0.5481.104)
For documentation on this error, please visit: https://selenium.dev/exceptions/#no_such_element
Build info: version: &amp;apos;4.7.1&amp;apos;, revision: &amp;apos;c6795baf1a3&amp;apos;
System info: os.name: &amp;apos;Windows 10&amp;apos;, os.arch: &amp;apos;amd64&amp;apos;, os.version: &amp;apos;10.0&amp;apos;, java.version: &amp;apos;11.0.2&amp;apos;
Driver info: org.openqa.selenium.chrome.ChromeDriver
Command: [58ea1c187f5e01827c2d72b04175772a, findElement {using=class name, value=dropdown-container}]
Capabilities {acceptInsecureCerts: false, browserName: chrome, browserVersion: 110.0.5481.104, chrome: {chromedriverVersion: 110.0.5481.77 (65ed616c6e8e..., userDataDir: C:\Users\metoa\AppData\Loca...}, goog:chromeOptions: {debuggerAddress: localhost:56646}, networkConnectionEnabled: false, pageLoadStrategy: normal, platformName: WINDOWS, proxy: Proxy(), se:cdp: ws://localhost:56646/devtoo..., se:cdpVersion: 110.0.5481.104, setWindowRect: true, strictFileInteractability: false, timeouts: {implicit: 0, pageLoad: 300000, script: 30000}, unhandledPromptBehavior: dismiss and notify, webauthn:extension:credBlob: true, webauthn:extension:largeBlob: true, webauthn:virtualAuthenticators: true}
Session ID: 58ea1c187f5e01827c2d72b04175772a">
      <![CDATA[org.openqa.selenium.NoSuchElementException: no such element: Unable to locate element: {"method":"css selector","selector":".dropdown\-container"}
  (Session info: chrome=110.0.5481.104)
For documentation on this error, please visit: https://selenium.dev/exceptions/#no_such_element
Build info: version: '4.7.1', revision: 'c6795baf1a3'
System info: os.name: 'Windows 10', os.arch: 'amd64', os.version: '10.0', java.version: '11.0.2'
Driver info: org.openqa.selenium.chrome.ChromeDriver
Command: [58ea1c187f5e01827c2d72b04175772a, findElement {using=class name, value=dropdown-container}]
Capabilities {acceptInsecureCerts: false, browserName: chrome, browserVersion: 110.0.5481.104, chrome: {chromedriverVersion: 110.0.5481.77 (65ed616c6e8e..., userDataDir: C:\Users\metoa\AppData\Loca...}, goog:chromeOptions: {debuggerAddress: localhost:56646}, networkConnectionEnabled: false, pageLoadStrategy: normal, platformName: WINDOWS, proxy: Proxy(), se:cdp: ws://localhost:56646/devtoo..., se:cdpVersion: 110.0.5481.104, setWindowRect: true, strictFileInteractability: false, timeouts: {implicit: 0, pageLoad: 300000, script: 30000}, unhandledPromptBehavior: dismiss and notify, webauthn:extension:credBlob: true, webauthn:extension:largeBlob: true, webauthn:virtualAuthenticators: true}
Session ID: 58ea1c187f5e01827c2d72b04175772a
at org.openqa.selenium.remote.codec.w3c.W3CHttpResponseCodec.createException(W3CHttpResponseCodec.java:200)
at org.openqa.selenium.remote.codec.w3c.W3CHttpResponseCodec.decode(W3CHttpResponseCodec.java:133)
at org.openqa.selenium.remote.codec.w3c.W3CHttpResponseCodec.decode(W3CHttpResponseCodec.java:53)
at org.openqa.selenium.remote.HttpCommandExecutor.execute(HttpCommandExecutor.java:184)
at org.openqa.selenium.remote.service.DriverCommandExecutor.invokeExecute(DriverCommandExecutor.java:167)
at org.openqa.selenium.remote.service.DriverCommandExecutor.execute(DriverCommandExecutor.java:142)
at org.openqa.selenium.remote.RemoteWebDriver.execute(RemoteWebDriver.java:551)
at org.openqa.selenium.remote.ElementLocation$ElementFinder$2.findElement(ElementLocation.java:162)
at org.openqa.selenium.remote.ElementLocation.findElement(ElementLocation.java:66)
at org.openqa.selenium.remote.RemoteWebDriver.findElement(RemoteWebDriver.java:367)
at org.openqa.selenium.remote.RemoteWebDriver.findElement(RemoteWebDriver.java:359)
at iSkillo.Elements.pageObject.Header.dropDownContainer(Header.java:118)
at SearchFieldTests.testNoResultsFoundInSearchField(SearchFieldTests.java:131)
at java.base/java.util.ArrayList.forEach(ArrayList.java:1540)
at com.intellij.rt.testng.IDEARemoteTestNG.run(IDEARemoteTestNG.java:66)
at com.intellij.rt.testng.RemoteTestNGStarter.main(RemoteTestNGStarter.java:109)
... Removed 28 stack frames]]>
    </failure>
  </testcase> <!-- testNoResultsFoundInSearchField -->
  <testcase classname="SearchFieldTests" name="testSearchFieldFindUserOnHomePage" time="6.662"/>
  <testcase classname="SearchFieldTests" name="testSearchFieldOnProfilePage" time="10.252"/>
  <testcase classname="SearchFieldTests" name="testShowAllUsersInSearchField" time="24.268"/>
  <testcase classname="SearchFieldTests" name="testUnFollowUserInSearchField" time="8.624">
    <skipped/>
  </testcase> <!-- testUnFollowUserInSearchField -->
  <testcase classname="SearchFieldTests" name="testUnFollowUserInSearchField" time="8.517">
    <failure type="java.lang.AssertionError" message="The user is not Unfollowed! expected [Follow] but found [Unfollow]">
      <![CDATA[java.lang.AssertionError: The user is not Unfollowed! expected [Follow] but found [Unfollow]
at SearchFieldTests.testUnFollowUserInSearchField(SearchFieldTests.java:117)
at java.base/java.util.ArrayList.forEach(ArrayList.java:1540)
at com.intellij.rt.testng.IDEARemoteTestNG.run(IDEARemoteTestNG.java:66)
at com.intellij.rt.testng.RemoteTestNGStarter.main(RemoteTestNGStarter.java:109)
... Removed 29 stack frames]]>
    </failure>
  </testcase> <!-- testUnFollowUserInSearchField -->
  <testcase classname="SearchFieldTests" name="testVisibilityOfSearchBarAfterLogin" time="1.742"/>
</testsuite> <!-- ISkillo_Search_Test -->
