<!DOCTYPE html>

<html>
  <head>
  <meta charset='utf-8'>
  <title>TestNG reports</title>

    <link type="text/css" href="testng-reports1.css" rel="stylesheet" id="ultra" />
    <link type="text/css" href="testng-reports.css" rel="stylesheet" id="retro" disabled="false"/>
    <script type="text/javascript" src="jquery-3.6.0.min.js"></script>
    <script type="text/javascript" src="testng-reports.js"></script>
    <script type="text/javascript" src="https://www.google.com/jsapi"></script>
    <script type='text/javascript'>
      google.load('visualization', '1', {packages:['table']});
      google.setOnLoadCallback(drawTable);
      var suiteTableInitFunctions = new Array();
      var suiteTableData = new Array();
    </script>
    <!--
      <script type="text/javascript" src="jquery-ui/js/jquery-ui-1.8.16.custom.min.js"></script>
     -->
  </head>

  <body>    <div class="top-banner-root">
      <span class="top-banner-title-font">Test results</span>
      <button id="button" class="button">Switch Retro Theme</button> <!-- button -->
      <br/>
      <span class="top-banner-font-1">1 suite, 4 failed tests</span>
    </div> <!-- top-banner-root -->
    <div class="navigator-root">
      <div class="navigator-suite-header">
        <span>All suites</span>
        <a href="#" title="Collapse/expand all the suites" class="collapse-all-link">
          <img src="collapseall.gif" class="collapse-all-icon">
          </img> <!-- collapse-all-icon -->
        </a> <!-- collapse-all-link -->
      </div> <!-- navigator-suite-header -->
      <div class="suite">
        <div class="rounded-window">
          <div class="suite-header light-rounded-window-top">
            <a href="#" panel-name="suite-Default_Suite" class="navigator-link">
              <span class="suite-name border-failed">Default Suite</span>
            </a> <!-- navigator-link -->
          </div> <!-- suite-header light-rounded-window-top -->
          <div class="navigator-suite-content">
            <div class="suite-section-title">
              <span>Info</span>
            </div> <!-- suite-section-title -->
            <div class="suite-section-content">
              <ul>
                <li>
                  <a href="#" panel-name="test-xml-Default_Suite" class="navigator-link ">
                    <span>C:\Users\metoa\AppData\Local\JetBrains\IdeaIC2022.3\temp-testng-customsuite.xml</span>
                  </a> <!-- navigator-link  -->
                </li>
                <li>
                  <a href="#" panel-name="testlist-Default_Suite" class="navigator-link ">
                    <span class="test-stats">1 test</span>
                  </a> <!-- navigator-link  -->
                </li>
                <li>
                  <a href="#" panel-name="group-Default_Suite" class="navigator-link ">
                    <span>0 groups</span>
                  </a> <!-- navigator-link  -->
                </li>
                <li>
                  <a href="#" panel-name="times-Default_Suite" class="navigator-link ">
                    <span>Times</span>
                  </a> <!-- navigator-link  -->
                </li>
                <li>
                  <a href="#" panel-name="reporter-Default_Suite" class="navigator-link ">
                    <span>Reporter output</span>
                  </a> <!-- navigator-link  -->
                </li>
                <li>
                  <a href="#" panel-name="ignored-methods-Default_Suite" class="navigator-link ">
                    <span>Ignored methods</span>
                  </a> <!-- navigator-link  -->
                </li>
                <li>
                  <a href="#" panel-name="chronological-Default_Suite" class="navigator-link ">
                    <span>Chronological view</span>
                  </a> <!-- navigator-link  -->
                </li>
              </ul>
            </div> <!-- suite-section-content -->
            <div class="result-section">
              <div class="suite-section-title">
                <span>Results</span>
              </div> <!-- suite-section-title -->
              <div class="suite-section-content">
                <ul>
                  <li>
                    <span class="method-stats">18 methods, 4 failed,  4 skipped,  10 passed</span>
                  </li>
                  <li>
                    <span class="method-list-title failed">Failed methods</span>
                    <span class="show-or-hide-methods failed">
                      <a href="#" panel-name="suite-Default_Suite" class="hide-methods failed suite-Default_Suite"> (hide)</a> <!-- hide-methods failed suite-Default_Suite -->
                      <a href="#" panel-name="suite-Default_Suite" class="show-methods failed suite-Default_Suite"> (show)</a> <!-- show-methods failed suite-Default_Suite -->
                    </span>
                    <div class="method-list-content failed suite-Default_Suite">
                      <span>
                        <img src="failed.png" width="3%"/>
                        <a href="#" panel-name="suite-Default_Suite" title="SearchFieldTests" class="method navigator-link" hash-for-method="testFollowUserInSearchField(testAdmin@gmail.com, Admin1.User1, M_Puh)">testFollowUserInSearchField(testAdmin@gmail.com, Admin1.User1, M_Puh)</a> <!-- method navigator-link -->
                      </span>
                      <br/>
                      <span>
                        <img src="failed.png" width="3%"/>
                        <a href="#" panel-name="suite-Default_Suite" title="SearchFieldTests" class="method navigator-link" hash-for-method="testNoResultsFoundInSearchField(testAdmin@gmail.com, Admin1.User1, M_Puh)">testNoResultsFoundInSearchField(testAdmin@gmail.com, Admin1.User1, M_Puh)</a> <!-- method navigator-link -->
                      </span>
                      <br/>
                      <span>
                        <img src="failed.png" width="3%"/>
                        <a href="#" panel-name="suite-Default_Suite" title="SearchFieldTests" class="method navigator-link" hash-for-method="testNoResultsFoundInSearchField(m_puh, metodi86, Lora)">testNoResultsFoundInSearchField(m_puh, metodi86, Lora)</a> <!-- method navigator-link -->
                      </span>
                      <br/>
                      <span>
                        <img src="failed.png" width="3%"/>
                        <a href="#" panel-name="suite-Default_Suite" title="SearchFieldTests" class="method navigator-link" hash-for-method="testShowAllUsersInSearchField(testAdmin@gmail.com, Admin1.User1, M_Puh)">testShowAllUsersInSearchField(testAdmin@gmail.com, Admin1.User1, M_Puh)</a> <!-- method navigator-link -->
                      </span>
                      <br/>
                    </div> <!-- method-list-content failed suite-Default_Suite -->
                  </li>
                  <li>
                    <span class="method-list-title skipped">Retried methods</span>
                    <span class="show-or-hide-methods skipped">
                      <a href="#" panel-name="suite-Default_Suite" class="hide-methods skipped suite-Default_Suite"> (hide)</a> <!-- hide-methods skipped suite-Default_Suite -->
                      <a href="#" panel-name="suite-Default_Suite" class="show-methods skipped suite-Default_Suite"> (show)</a> <!-- show-methods skipped suite-Default_Suite -->
                    </span>
                    <div class="method-list-content skipped suite-Default_Suite">
                      <span>
                        <img src="skipped.png" width="3%"/>
                        <a href="#" panel-name="suite-Default_Suite" title="SearchFieldTests" class="method navigator-link" hash-for-method="testFollowUserInSearchField(testAdmin@gmail.com, Admin1.User1, M_Puh)">testFollowUserInSearchField(testAdmin@gmail.com, Admin1.User1, M_Puh)</a> <!-- method navigator-link -->
                      </span>
                      <br/>
                      <span>
                        <img src="skipped.png" width="3%"/>
                        <a href="#" panel-name="suite-Default_Suite" title="SearchFieldTests" class="method navigator-link" hash-for-method="testFollowUserInSearchField(m_puh, metodi86, Lora)">testFollowUserInSearchField(m_puh, metodi86, Lora)</a> <!-- method navigator-link -->
                      </span>
                      <br/>
                      <span>
                        <img src="skipped.png" width="3%"/>
                        <a href="#" panel-name="suite-Default_Suite" title="SearchFieldTests" class="method navigator-link" hash-for-method="testSearchFieldOnProfilePage(testAdmin@gmail.com, Admin1.User1, M_Puh)">testSearchFieldOnProfilePage(testAdmin@gmail.com, Admin1.User1, M_Puh)</a> <!-- method navigator-link -->
                      </span>
                      <br/>
                      <span>
                        <img src="skipped.png" width="3%"/>
                        <a href="#" panel-name="suite-Default_Suite" title="SearchFieldTests" class="method navigator-link" hash-for-method="testShowAllUsersInSearchField(testAdmin@gmail.com, Admin1.User1, M_Puh)">testShowAllUsersInSearchField(testAdmin@gmail.com, Admin1.User1, M_Puh)</a> <!-- method navigator-link -->
                      </span>
                      <br/>
                    </div> <!-- method-list-content skipped suite-Default_Suite -->
                  </li>
                  <li>
                    <span class="method-list-title passed">Passed methods</span>
                    <span class="show-or-hide-methods passed">
                      <a href="#" panel-name="suite-Default_Suite" class="hide-methods passed suite-Default_Suite"> (hide)</a> <!-- hide-methods passed suite-Default_Suite -->
                      <a href="#" panel-name="suite-Default_Suite" class="show-methods passed suite-Default_Suite"> (show)</a> <!-- show-methods passed suite-Default_Suite -->
                    </span>
                    <div class="method-list-content passed suite-Default_Suite">
                      <span>
                        <img src="passed.png" width="3%"/>
                        <a href="#" panel-name="suite-Default_Suite" title="SearchFieldTests" class="method navigator-link" hash-for-method="testFollowUserInSearchField(m_puh, metodi86, Lora)">testFollowUserInSearchField(m_puh, metodi86, Lora)</a> <!-- method navigator-link -->
                      </span>
                      <br/>
                      <span>
                        <img src="passed.png" width="3%"/>
                        <a href="#" panel-name="suite-Default_Suite" title="SearchFieldTests" class="method navigator-link" hash-for-method="testSearchFieldFindUserOnHomePage(m_puh, metodi86, Lora)">testSearchFieldFindUserOnHomePage(m_puh, metodi86, Lora)</a> <!-- method navigator-link -->
                      </span>
                      <br/>
                      <span>
                        <img src="passed.png" width="3%"/>
                        <a href="#" panel-name="suite-Default_Suite" title="SearchFieldTests" class="method navigator-link" hash-for-method="testSearchFieldFindUserOnHomePage(testAdmin@gmail.com, Admin1.User1, M_Puh)">testSearchFieldFindUserOnHomePage(testAdmin@gmail.com, Admin1.User1, M_Puh)</a> <!-- method navigator-link -->
                      </span>
                      <br/>
                      <span>
                        <img src="passed.png" width="3%"/>
                        <a href="#" panel-name="suite-Default_Suite" title="SearchFieldTests" class="method navigator-link" hash-for-method="testSearchFieldOnProfilePage(testAdmin@gmail.com, Admin1.User1, M_Puh)">testSearchFieldOnProfilePage(testAdmin@gmail.com, Admin1.User1, M_Puh)</a> <!-- method navigator-link -->
                      </span>
                      <br/>
                      <span>
                        <img src="passed.png" width="3%"/>
                        <a href="#" panel-name="suite-Default_Suite" title="SearchFieldTests" class="method navigator-link" hash-for-method="testSearchFieldOnProfilePage(m_puh, metodi86, Lora)">testSearchFieldOnProfilePage(m_puh, metodi86, Lora)</a> <!-- method navigator-link -->
                      </span>
                      <br/>
                      <span>
                        <img src="passed.png" width="3%"/>
                        <a href="#" panel-name="suite-Default_Suite" title="SearchFieldTests" class="method navigator-link" hash-for-method="testShowAllUsersInSearchField(m_puh, metodi86, Lora)">testShowAllUsersInSearchField(m_puh, metodi86, Lora)</a> <!-- method navigator-link -->
                      </span>
                      <br/>
                      <span>
                        <img src="passed.png" width="3%"/>
                        <a href="#" panel-name="suite-Default_Suite" title="SearchFieldTests" class="method navigator-link" hash-for-method="testUnFollowUserInSearchField(m_puh, metodi86, Lora)">testUnFollowUserInSearchField(m_puh, metodi86, Lora)</a> <!-- method navigator-link -->
                      </span>
                      <br/>
                      <span>
                        <img src="passed.png" width="3%"/>
                        <a href="#" panel-name="suite-Default_Suite" title="SearchFieldTests" class="method navigator-link" hash-for-method="testUnFollowUserInSearchField(testAdmin@gmail.com, Admin1.User1, M_Puh)">testUnFollowUserInSearchField(testAdmin@gmail.com, Admin1.User1, M_Puh)</a> <!-- method navigator-link -->
                      </span>
                      <br/>
                      <span>
                        <img src="passed.png" width="3%"/>
                        <a href="#" panel-name="suite-Default_Suite" title="SearchFieldTests" class="method navigator-link" hash-for-method="testVisibilityOfSearchBarAfterLogin(m_puh, metodi86, Lora)">testVisibilityOfSearchBarAfterLogin(m_puh, metodi86, Lora)</a> <!-- method navigator-link -->
                      </span>
                      <br/>
                      <span>
                        <img src="passed.png" width="3%"/>
                        <a href="#" panel-name="suite-Default_Suite" title="SearchFieldTests" class="method navigator-link" hash-for-method="testVisibilityOfSearchBarAfterLogin(testAdmin@gmail.com, Admin1.User1, M_Puh)">testVisibilityOfSearchBarAfterLogin(testAdmin@gmail.com, Admin1.User1, M_Puh)</a> <!-- method navigator-link -->
                      </span>
                      <br/>
                    </div> <!-- method-list-content passed suite-Default_Suite -->
                  </li>
                </ul>
              </div> <!-- suite-section-content -->
            </div> <!-- result-section -->
          </div> <!-- navigator-suite-content -->
        </div> <!-- rounded-window -->
      </div> <!-- suite -->
    </div> <!-- navigator-root -->
    <div class="wrapper">
      <div class="main-panel-root">
        <div panel-name="suite-Default_Suite" class="panel Default_Suite">
          <div class="suite-Default_Suite-class-failed">
            <div class="main-panel-header rounded-window-top">
              <img src="failed.png"/>
              <span class="class-name">SearchFieldTests</span>
            </div> <!-- main-panel-header rounded-window-top -->
            <div class="main-panel-content rounded-window-bottom">
              <div class="method">
                <div class="method-content">
                  <a name="testFollowUserInSearchField(testAdmin@gmail.com, Admin1.User1, M_Puh)">
                  </a> <!-- testFollowUserInSearchField(testAdmin@gmail.com, Admin1.User1, M_Puh) -->
                  <span class="method-name">testFollowUserInSearchField</span>
                  <span class="parameters">(testAdmin@gmail.com,Admin1.User1,M_Puh)</span>
                  <div class="stack-trace">java.lang.AssertionError: The user is not Followed! expected [Unfollow] but found [Follow]
	at SearchFieldTests.testFollowUserInSearchField(SearchFieldTests.java:100)
	at java.base/java.util.ArrayList.forEach(ArrayList.java:1540)
	at com.intellij.rt.testng.IDEARemoteTestNG.run(IDEARemoteTestNG.java:66)
	at com.intellij.rt.testng.RemoteTestNGStarter.main(RemoteTestNGStarter.java:109)
... Removed 29 stack frames
</div> <!-- stack-trace -->
                </div> <!-- method-content -->
              </div> <!-- method -->
              <div class="method">
                <div class="method-content">
                  <a name="testNoResultsFoundInSearchField(testAdmin@gmail.com, Admin1.User1, M_Puh)">
                  </a> <!-- testNoResultsFoundInSearchField(testAdmin@gmail.com, Admin1.User1, M_Puh) -->
                  <span class="method-name">testNoResultsFoundInSearchField</span>
                  <span class="parameters">(testAdmin@gmail.com,Admin1.User1,M_Puh)</span>
                  <div class="stack-trace">org.openqa.selenium.TimeoutException: Expected condition failed: waiting for url to be &quot;http://training.skillo-bg.com:4300/posts/all&quot;. Current url: &quot;http://training.skillo-bg.com:4300/users/login&quot; (tried for 10 second(s) with 500 milliseconds interval)
Build info: version: &apos;4.7.1&apos;, revision: &apos;c6795baf1a3&apos;
System info: os.name: &apos;Windows 10&apos;, os.arch: &apos;amd64&apos;, os.version: &apos;10.0&apos;, java.version: &apos;11.0.2&apos;
Driver info: org.openqa.selenium.chrome.ChromeDriver
Capabilities {acceptInsecureCerts: false, browserName: chrome, browserVersion: 110.0.5481.177, chrome: {chromedriverVersion: 110.0.5481.77 (65ed616c6e8e..., userDataDir: C:\Users\metoa\AppData\Loca...}, goog:chromeOptions: {debuggerAddress: localhost:52377}, networkConnectionEnabled: false, pageLoadStrategy: normal, platformName: WINDOWS, proxy: Proxy(), se:cdp: ws://localhost:52377/devtoo..., se:cdpVersion: 110.0.5481.177, setWindowRect: true, strictFileInteractability: false, timeouts: {implicit: 0, pageLoad: 300000, script: 30000}, unhandledPromptBehavior: dismiss and notify, webauthn:extension:credBlob: true, webauthn:extension:largeBlob: true, webauthn:virtualAuthenticators: true}
Session ID: 51241ac5b6af9cc99f11e769ea91fa5f
	at org.openqa.selenium.support.ui.WebDriverWait.timeoutException(WebDriverWait.java:87)
	at org.openqa.selenium.support.ui.FluentWait.until(FluentWait.java:231)
	at iSkillo.Elements.pageObject.LoggedHomePage.isUrlLoaded(LoggedHomePage.java:22)
	at SearchFieldTests.testNoResultsFoundInSearchField(SearchFieldTests.java:129)
	at java.base/java.util.ArrayList.forEach(ArrayList.java:1540)
	at com.intellij.rt.testng.IDEARemoteTestNG.run(IDEARemoteTestNG.java:66)
	at com.intellij.rt.testng.RemoteTestNGStarter.main(RemoteTestNGStarter.java:109)
... Removed 24 stack frames
</div> <!-- stack-trace -->
                </div> <!-- method-content -->
              </div> <!-- method -->
              <div class="method">
                <div class="method-content">
                  <a name="testNoResultsFoundInSearchField(m_puh, metodi86, Lora)">
                  </a> <!-- testNoResultsFoundInSearchField(m_puh, metodi86, Lora) -->
                  <span class="method-name">testNoResultsFoundInSearchField</span>
                  <span class="parameters">(m_puh,metodi86,Lora)</span>
                  <div class="stack-trace">org.openqa.selenium.NoSuchElementException: no such element: Unable to locate element: {&quot;method&quot;:&quot;css selector&quot;,&quot;selector&quot;:&quot;.dropdown\-container&quot;}
  (Session info: chrome=110.0.5481.177)
For documentation on this error, please visit: https://selenium.dev/exceptions/#no_such_element
Build info: version: &apos;4.7.1&apos;, revision: &apos;c6795baf1a3&apos;
System info: os.name: &apos;Windows 10&apos;, os.arch: &apos;amd64&apos;, os.version: &apos;10.0&apos;, java.version: &apos;11.0.2&apos;
Driver info: org.openqa.selenium.chrome.ChromeDriver
Command: [ed4caa802c8e98b4c8635e16c8cb7593, findElement {using=class name, value=dropdown-container}]
Capabilities {acceptInsecureCerts: false, browserName: chrome, browserVersion: 110.0.5481.177, chrome: {chromedriverVersion: 110.0.5481.77 (65ed616c6e8e..., userDataDir: C:\Users\metoa\AppData\Loca...}, goog:chromeOptions: {debuggerAddress: localhost:52304}, networkConnectionEnabled: false, pageLoadStrategy: normal, platformName: WINDOWS, proxy: Proxy(), se:cdp: ws://localhost:52304/devtoo..., se:cdpVersion: 110.0.5481.177, setWindowRect: true, strictFileInteractability: false, timeouts: {implicit: 0, pageLoad: 300000, script: 30000}, unhandledPromptBehavior: dismiss and notify, webauthn:extension:credBlob: true, webauthn:extension:largeBlob: true, webauthn:virtualAuthenticators: true}
Session ID: ed4caa802c8e98b4c8635e16c8cb7593
	at org.openqa.selenium.remote.codec.w3c.W3CHttpResponseCodec.createException(W3CHttpResponseCodec.java:200)
	at org.openqa.selenium.remote.codec.w3c.W3CHttpResponseCodec.decode(W3CHttpResponseCodec.java:133)
	at org.openqa.selenium.remote.codec.w3c.W3CHttpResponseCodec.decode(W3CHttpResponseCodec.java:53)
	at org.openqa.selenium.remote.HttpCommandExecutor.execute(HttpCommandExecutor.java:184)
	at org.openqa.selenium.remote.service.DriverCommandExecutor.invokeExecute(DriverCommandExecutor.java:167)
	at org.openqa.selenium.remote.service.DriverCommandExecutor.execute(DriverCommandExecutor.java:142)
	at org.openqa.selenium.remote.RemoteWebDriver.execute(RemoteWebDriver.java:551)
	at org.openqa.selenium.remote.ElementLocation$ElementFinder$2.findElement(ElementLocation.java:162)
	at org.openqa.selenium.remote.ElementLocation.findElement(ElementLocation.java:66)
	at org.openqa.selenium.remote.RemoteWebDriver.findElement(RemoteWebDriver.java:367)
	at org.openqa.selenium.remote.RemoteWebDriver.findElement(RemoteWebDriver.java:359)
	at iSkillo.Elements.pageObject.Header.dropDownContainer(Header.java:118)
	at SearchFieldTests.testNoResultsFoundInSearchField(SearchFieldTests.java:132)
	at java.base/java.util.ArrayList.forEach(ArrayList.java:1540)
	at com.intellij.rt.testng.IDEARemoteTestNG.run(IDEARemoteTestNG.java:66)
	at com.intellij.rt.testng.RemoteTestNGStarter.main(RemoteTestNGStarter.java:109)
... Removed 28 stack frames
</div> <!-- stack-trace -->
                </div> <!-- method-content -->
              </div> <!-- method -->
              <div class="method">
                <div class="method-content">
                  <a name="testShowAllUsersInSearchField(testAdmin@gmail.com, Admin1.User1, M_Puh)">
                  </a> <!-- testShowAllUsersInSearchField(testAdmin@gmail.com, Admin1.User1, M_Puh) -->
                  <span class="method-name">testShowAllUsersInSearchField</span>
                  <span class="parameters">(testAdmin@gmail.com,Admin1.User1,M_Puh)</span>
                  <div class="stack-trace">org.openqa.selenium.TimeoutException: Expected condition failed: waiting for url to be &quot;http://training.skillo-bg.com:4300/posts/all&quot;. Current url: &quot;http://training.skillo-bg.com:4300/users/login&quot; (tried for 10 second(s) with 500 milliseconds interval)
Build info: version: &apos;4.7.1&apos;, revision: &apos;c6795baf1a3&apos;
System info: os.name: &apos;Windows 10&apos;, os.arch: &apos;amd64&apos;, os.version: &apos;10.0&apos;, java.version: &apos;11.0.2&apos;
Driver info: org.openqa.selenium.chrome.ChromeDriver
Capabilities {acceptInsecureCerts: false, browserName: chrome, browserVersion: 110.0.5481.177, chrome: {chromedriverVersion: 110.0.5481.77 (65ed616c6e8e..., userDataDir: C:\Users\metoa\AppData\Loca...}, goog:chromeOptions: {debuggerAddress: localhost:52946}, networkConnectionEnabled: false, pageLoadStrategy: normal, platformName: WINDOWS, proxy: Proxy(), se:cdp: ws://localhost:52946/devtoo..., se:cdpVersion: 110.0.5481.177, setWindowRect: true, strictFileInteractability: false, timeouts: {implicit: 0, pageLoad: 300000, script: 30000}, unhandledPromptBehavior: dismiss and notify, webauthn:extension:credBlob: true, webauthn:extension:largeBlob: true, webauthn:virtualAuthenticators: true}
Session ID: c486302a18a5f4d46eaa1145aca55693
	at org.openqa.selenium.support.ui.WebDriverWait.timeoutException(WebDriverWait.java:87)
	at org.openqa.selenium.support.ui.FluentWait.until(FluentWait.java:231)
	at iSkillo.Elements.pageObject.LoggedHomePage.isUrlLoaded(LoggedHomePage.java:22)
	at SearchFieldTests.testShowAllUsersInSearchField(SearchFieldTests.java:43)
	at java.base/java.util.ArrayList.forEach(ArrayList.java:1540)
	at com.intellij.rt.testng.IDEARemoteTestNG.run(IDEARemoteTestNG.java:66)
	at com.intellij.rt.testng.RemoteTestNGStarter.main(RemoteTestNGStarter.java:109)
... Removed 24 stack frames
</div> <!-- stack-trace -->
                </div> <!-- method-content -->
              </div> <!-- method -->
            </div> <!-- main-panel-content rounded-window-bottom -->
          </div> <!-- suite-Default_Suite-class-failed -->
          <div class="suite-Default_Suite-class-skipped">
            <div class="main-panel-header rounded-window-top">
              <img src="skipped.png"/>
              <span class="class-name">SearchFieldTests</span>
            </div> <!-- main-panel-header rounded-window-top -->
            <div class="main-panel-content rounded-window-bottom">
              <div class="method">
                <div class="method-content">
                  <a name="testFollowUserInSearchField(testAdmin@gmail.com, Admin1.User1, M_Puh)">
                  </a> <!-- testFollowUserInSearchField(testAdmin@gmail.com, Admin1.User1, M_Puh) -->
                  <span class="method-name">testFollowUserInSearchField</span>
                  <span class="parameters">(testAdmin@gmail.com,Admin1.User1,M_Puh)</span>
                  <div class="stack-trace">java.lang.AssertionError: The user is not Followed! expected [Unfollow] but found [Follow]
	at SearchFieldTests.testFollowUserInSearchField(SearchFieldTests.java:100)
	at java.base/java.util.ArrayList.forEach(ArrayList.java:1540)
	at com.intellij.rt.testng.IDEARemoteTestNG.run(IDEARemoteTestNG.java:66)
	at com.intellij.rt.testng.RemoteTestNGStarter.main(RemoteTestNGStarter.java:109)
... Removed 29 stack frames
</div> <!-- stack-trace -->
                </div> <!-- method-content -->
              </div> <!-- method -->
              <div class="method">
                <div class="method-content">
                  <a name="testFollowUserInSearchField(m_puh, metodi86, Lora)">
                  </a> <!-- testFollowUserInSearchField(m_puh, metodi86, Lora) -->
                  <span class="method-name">testFollowUserInSearchField</span>
                  <span class="parameters">(m_puh,metodi86,Lora)</span>
                  <div class="stack-trace">org.openqa.selenium.StaleElementReferenceException: stale element reference: element is not attached to the page document
  (Session info: chrome=110.0.5481.177)
For documentation on this error, please visit: https://selenium.dev/exceptions/#stale_element_reference
Build info: version: &apos;4.7.1&apos;, revision: &apos;c6795baf1a3&apos;
System info: os.name: &apos;Windows 10&apos;, os.arch: &apos;amd64&apos;, os.version: &apos;10.0&apos;, java.version: &apos;11.0.2&apos;
Driver info: org.openqa.selenium.chrome.ChromeDriver
Command: [0b14028c0e068818df6eb1dccd2ee2e6, isElementDisplayed {id=8554b016-ce63-420e-9e15-f121f5f959b1}]
Capabilities {acceptInsecureCerts: false, browserName: chrome, browserVersion: 110.0.5481.177, chrome: {chromedriverVersion: 110.0.5481.77 (65ed616c6e8e..., userDataDir: C:\Users\metoa\AppData\Loca...}, goog:chromeOptions: {debuggerAddress: localhost:52018}, networkConnectionEnabled: false, pageLoadStrategy: normal, platformName: WINDOWS, proxy: Proxy(), se:cdp: ws://localhost:52018/devtoo..., se:cdpVersion: 110.0.5481.177, setWindowRect: true, strictFileInteractability: false, timeouts: {implicit: 0, pageLoad: 300000, script: 30000}, unhandledPromptBehavior: dismiss and notify, webauthn:extension:credBlob: true, webauthn:extension:largeBlob: true, webauthn:virtualAuthenticators: true}
Element: [[ChromeDriver: chrome on WINDOWS (0b14028c0e068818df6eb1dccd2ee2e6)] -&gt; xpath: .//a[text()=&apos;Lora&apos;]/parent::div/parent::div//button]
Session ID: 0b14028c0e068818df6eb1dccd2ee2e6
	at org.openqa.selenium.remote.codec.w3c.W3CHttpResponseCodec.createException(W3CHttpResponseCodec.java:200)
	at org.openqa.selenium.remote.codec.w3c.W3CHttpResponseCodec.decode(W3CHttpResponseCodec.java:133)
	at org.openqa.selenium.remote.codec.w3c.W3CHttpResponseCodec.decode(W3CHttpResponseCodec.java:53)
	at org.openqa.selenium.remote.HttpCommandExecutor.execute(HttpCommandExecutor.java:184)
	at org.openqa.selenium.remote.service.DriverCommandExecutor.invokeExecute(DriverCommandExecutor.java:167)
	at org.openqa.selenium.remote.service.DriverCommandExecutor.execute(DriverCommandExecutor.java:142)
	at org.openqa.selenium.remote.RemoteWebDriver.execute(RemoteWebDriver.java:551)
	at org.openqa.selenium.remote.RemoteWebElement.execute(RemoteWebElement.java:257)
	at org.openqa.selenium.remote.RemoteWebElement.isDisplayed(RemoteWebElement.java:313)
	at org.openqa.selenium.support.ui.ExpectedConditions.elementIfVisible(ExpectedConditions.java:307)
	at org.openqa.selenium.support.ui.ExpectedConditions.access$000(ExpectedConditions.java:40)
	at org.openqa.selenium.support.ui.ExpectedConditions$10.apply(ExpectedConditions.java:293)
	at org.openqa.selenium.support.ui.ExpectedConditions$10.apply(ExpectedConditions.java:290)
	at org.openqa.selenium.support.ui.FluentWait.until(FluentWait.java:208)
	at iSkillo.Elements.pageObject.Header.checkFollowButtonState(Header.java:79)
	at SearchFieldTests.testFollowUserInSearchField(SearchFieldTests.java:97)
	at java.base/java.util.ArrayList.forEach(ArrayList.java:1540)
	at com.intellij.rt.testng.IDEARemoteTestNG.run(IDEARemoteTestNG.java:66)
	at com.intellij.rt.testng.RemoteTestNGStarter.main(RemoteTestNGStarter.java:109)
... Removed 28 stack frames
</div> <!-- stack-trace -->
                </div> <!-- method-content -->
              </div> <!-- method -->
              <div class="method">
                <div class="method-content">
                  <a name="testSearchFieldOnProfilePage(testAdmin@gmail.com, Admin1.User1, M_Puh)">
                  </a> <!-- testSearchFieldOnProfilePage(testAdmin@gmail.com, Admin1.User1, M_Puh) -->
                  <span class="method-name">testSearchFieldOnProfilePage</span>
                  <span class="parameters">(testAdmin@gmail.com,Admin1.User1,M_Puh)</span>
                  <div class="stack-trace">org.openqa.selenium.StaleElementReferenceException: stale element reference: element is not attached to the page document
  (Session info: chrome=110.0.5481.177)
For documentation on this error, please visit: https://selenium.dev/exceptions/#stale_element_reference
Build info: version: &apos;4.7.1&apos;, revision: &apos;c6795baf1a3&apos;
System info: os.name: &apos;Windows 10&apos;, os.arch: &apos;amd64&apos;, os.version: &apos;10.0&apos;, java.version: &apos;11.0.2&apos;
Driver info: org.openqa.selenium.chrome.ChromeDriver
Command: [ecbf457c763e0898c586b235b73b9710, clickElement {id=01b6f09d-8717-43e6-b9f3-aeffe4513d95}]
Capabilities {acceptInsecureCerts: false, browserName: chrome, browserVersion: 110.0.5481.177, chrome: {chromedriverVersion: 110.0.5481.77 (65ed616c6e8e..., userDataDir: C:\Users\metoa\AppData\Loca...}, goog:chromeOptions: {debuggerAddress: localhost:52654}, networkConnectionEnabled: false, pageLoadStrategy: normal, platformName: WINDOWS, proxy: Proxy(), se:cdp: ws://localhost:52654/devtoo..., se:cdpVersion: 110.0.5481.177, setWindowRect: true, strictFileInteractability: false, timeouts: {implicit: 0, pageLoad: 300000, script: 30000}, unhandledPromptBehavior: dismiss and notify, webauthn:extension:credBlob: true, webauthn:extension:largeBlob: true, webauthn:virtualAuthenticators: true}
Element: [[ChromeDriver: chrome on WINDOWS (ecbf457c763e0898c586b235b73b9710)] -&gt; link text: M_Puh]
Session ID: ecbf457c763e0898c586b235b73b9710
	at org.openqa.selenium.remote.codec.w3c.W3CHttpResponseCodec.createException(W3CHttpResponseCodec.java:200)
	at org.openqa.selenium.remote.codec.w3c.W3CHttpResponseCodec.decode(W3CHttpResponseCodec.java:133)
	at org.openqa.selenium.remote.codec.w3c.W3CHttpResponseCodec.decode(W3CHttpResponseCodec.java:53)
	at org.openqa.selenium.remote.HttpCommandExecutor.execute(HttpCommandExecutor.java:184)
	at org.openqa.selenium.remote.service.DriverCommandExecutor.invokeExecute(DriverCommandExecutor.java:167)
	at org.openqa.selenium.remote.service.DriverCommandExecutor.execute(DriverCommandExecutor.java:142)
	at org.openqa.selenium.remote.RemoteWebDriver.execute(RemoteWebDriver.java:551)
	at org.openqa.selenium.remote.RemoteWebElement.execute(RemoteWebElement.java:257)
	at org.openqa.selenium.remote.RemoteWebElement.click(RemoteWebElement.java:78)
	at iSkillo.Elements.pageObject.Header.findUserAndSelect(Header.java:65)
	at SearchFieldTests.testSearchFieldOnProfilePage(SearchFieldTests.java:78)
	at java.base/java.util.ArrayList.forEach(ArrayList.java:1540)
	at com.intellij.rt.testng.IDEARemoteTestNG.run(IDEARemoteTestNG.java:66)
	at com.intellij.rt.testng.RemoteTestNGStarter.main(RemoteTestNGStarter.java:109)
... Removed 28 stack frames
</div> <!-- stack-trace -->
                </div> <!-- method-content -->
              </div> <!-- method -->
              <div class="method">
                <div class="method-content">
                  <a name="testShowAllUsersInSearchField(testAdmin@gmail.com, Admin1.User1, M_Puh)">
                  </a> <!-- testShowAllUsersInSearchField(testAdmin@gmail.com, Admin1.User1, M_Puh) -->
                  <span class="method-name">testShowAllUsersInSearchField</span>
                  <span class="parameters">(testAdmin@gmail.com,Admin1.User1,M_Puh)</span>
                  <div class="stack-trace">org.openqa.selenium.NoSuchElementException: no such element: Unable to locate element: {&quot;method&quot;:&quot;css selector&quot;,&quot;selector&quot;:&quot;.dropdown\-container&quot;}
  (Session info: chrome=110.0.5481.177)
For documentation on this error, please visit: https://selenium.dev/exceptions/#no_such_element
Build info: version: &apos;4.7.1&apos;, revision: &apos;c6795baf1a3&apos;
System info: os.name: &apos;Windows 10&apos;, os.arch: &apos;amd64&apos;, os.version: &apos;10.0&apos;, java.version: &apos;11.0.2&apos;
Driver info: org.openqa.selenium.chrome.ChromeDriver
Command: [e20137bfc3d82095c6abced882f251a8, findElement {using=class name, value=dropdown-container}]
Capabilities {acceptInsecureCerts: false, browserName: chrome, browserVersion: 110.0.5481.177, chrome: {chromedriverVersion: 110.0.5481.77 (65ed616c6e8e..., userDataDir: C:\Users\metoa\AppData\Loca...}, goog:chromeOptions: {debuggerAddress: localhost:52877}, networkConnectionEnabled: false, pageLoadStrategy: normal, platformName: WINDOWS, proxy: Proxy(), se:cdp: ws://localhost:52877/devtoo..., se:cdpVersion: 110.0.5481.177, setWindowRect: true, strictFileInteractability: false, timeouts: {implicit: 0, pageLoad: 300000, script: 30000}, unhandledPromptBehavior: dismiss and notify, webauthn:extension:credBlob: true, webauthn:extension:largeBlob: true, webauthn:virtualAuthenticators: true}
Session ID: e20137bfc3d82095c6abced882f251a8
	at org.openqa.selenium.remote.codec.w3c.W3CHttpResponseCodec.createException(W3CHttpResponseCodec.java:200)
	at org.openqa.selenium.remote.codec.w3c.W3CHttpResponseCodec.decode(W3CHttpResponseCodec.java:133)
	at org.openqa.selenium.remote.codec.w3c.W3CHttpResponseCodec.decode(W3CHttpResponseCodec.java:53)
	at org.openqa.selenium.remote.HttpCommandExecutor.execute(HttpCommandExecutor.java:184)
	at org.openqa.selenium.remote.service.DriverCommandExecutor.invokeExecute(DriverCommandExecutor.java:167)
	at org.openqa.selenium.remote.service.DriverCommandExecutor.execute(DriverCommandExecutor.java:142)
	at org.openqa.selenium.remote.RemoteWebDriver.execute(RemoteWebDriver.java:551)
	at org.openqa.selenium.remote.ElementLocation$ElementFinder$2.findElement(ElementLocation.java:162)
	at org.openqa.selenium.remote.ElementLocation.findElement(ElementLocation.java:66)
	at org.openqa.selenium.remote.RemoteWebDriver.findElement(RemoteWebDriver.java:367)
	at org.openqa.selenium.remote.RemoteWebDriver.findElement(RemoteWebDriver.java:359)
	at iSkillo.Elements.pageObject.Header.dropDownContainer(Header.java:118)
	at SearchFieldTests.testShowAllUsersInSearchField(SearchFieldTests.java:46)
	at java.base/java.util.ArrayList.forEach(ArrayList.java:1540)
	at com.intellij.rt.testng.IDEARemoteTestNG.run(IDEARemoteTestNG.java:66)
	at com.intellij.rt.testng.RemoteTestNGStarter.main(RemoteTestNGStarter.java:109)
... Removed 28 stack frames
</div> <!-- stack-trace -->
                </div> <!-- method-content -->
              </div> <!-- method -->
            </div> <!-- main-panel-content rounded-window-bottom -->
          </div> <!-- suite-Default_Suite-class-skipped -->
          <div class="suite-Default_Suite-class-passed">
            <div class="main-panel-header rounded-window-top">
              <img src="passed.png"/>
              <span class="class-name">SearchFieldTests</span>
            </div> <!-- main-panel-header rounded-window-top -->
            <div class="main-panel-content rounded-window-bottom">
              <div class="method">
                <div class="method-content">
                  <a name="testFollowUserInSearchField(m_puh, metodi86, Lora)">
                  </a> <!-- testFollowUserInSearchField(m_puh, metodi86, Lora) -->
                  <span class="method-name">testFollowUserInSearchField</span>
                  <span class="parameters">(m_puh,metodi86,Lora)</span>
                </div> <!-- method-content -->
              </div> <!-- method -->
              <div class="method">
                <div class="method-content">
                  <a name="testSearchFieldFindUserOnHomePage(m_puh, metodi86, Lora)">
                  </a> <!-- testSearchFieldFindUserOnHomePage(m_puh, metodi86, Lora) -->
                  <span class="method-name">testSearchFieldFindUserOnHomePage</span>
                  <span class="parameters">(m_puh,metodi86,Lora)</span>
                </div> <!-- method-content -->
              </div> <!-- method -->
              <div class="method">
                <div class="method-content">
                  <a name="testSearchFieldFindUserOnHomePage(testAdmin@gmail.com, Admin1.User1, M_Puh)">
                  </a> <!-- testSearchFieldFindUserOnHomePage(testAdmin@gmail.com, Admin1.User1, M_Puh) -->
                  <span class="method-name">testSearchFieldFindUserOnHomePage</span>
                  <span class="parameters">(testAdmin@gmail.com,Admin1.User1,M_Puh)</span>
                </div> <!-- method-content -->
              </div> <!-- method -->
              <div class="method">
                <div class="method-content">
                  <a name="testSearchFieldOnProfilePage(testAdmin@gmail.com, Admin1.User1, M_Puh)">
                  </a> <!-- testSearchFieldOnProfilePage(testAdmin@gmail.com, Admin1.User1, M_Puh) -->
                  <span class="method-name">testSearchFieldOnProfilePage</span>
                  <span class="parameters">(testAdmin@gmail.com,Admin1.User1,M_Puh)</span>
                </div> <!-- method-content -->
              </div> <!-- method -->
              <div class="method">
                <div class="method-content">
                  <a name="testSearchFieldOnProfilePage(m_puh, metodi86, Lora)">
                  </a> <!-- testSearchFieldOnProfilePage(m_puh, metodi86, Lora) -->
                  <span class="method-name">testSearchFieldOnProfilePage</span>
                  <span class="parameters">(m_puh,metodi86,Lora)</span>
                </div> <!-- method-content -->
              </div> <!-- method -->
              <div class="method">
                <div class="method-content">
                  <a name="testShowAllUsersInSearchField(m_puh, metodi86, Lora)">
                  </a> <!-- testShowAllUsersInSearchField(m_puh, metodi86, Lora) -->
                  <span class="method-name">testShowAllUsersInSearchField</span>
                  <span class="parameters">(m_puh,metodi86,Lora)</span>
                </div> <!-- method-content -->
              </div> <!-- method -->
              <div class="method">
                <div class="method-content">
                  <a name="testUnFollowUserInSearchField(m_puh, metodi86, Lora)">
                  </a> <!-- testUnFollowUserInSearchField(m_puh, metodi86, Lora) -->
                  <span class="method-name">testUnFollowUserInSearchField</span>
                  <span class="parameters">(m_puh,metodi86,Lora)</span>
                </div> <!-- method-content -->
              </div> <!-- method -->
              <div class="method">
                <div class="method-content">
                  <a name="testUnFollowUserInSearchField(testAdmin@gmail.com, Admin1.User1, M_Puh)">
                  </a> <!-- testUnFollowUserInSearchField(testAdmin@gmail.com, Admin1.User1, M_Puh) -->
                  <span class="method-name">testUnFollowUserInSearchField</span>
                  <span class="parameters">(testAdmin@gmail.com,Admin1.User1,M_Puh)</span>
                </div> <!-- method-content -->
              </div> <!-- method -->
              <div class="method">
                <div class="method-content">
                  <a name="testVisibilityOfSearchBarAfterLogin(m_puh, metodi86, Lora)">
                  </a> <!-- testVisibilityOfSearchBarAfterLogin(m_puh, metodi86, Lora) -->
                  <span class="method-name">testVisibilityOfSearchBarAfterLogin</span>
                  <span class="parameters">(m_puh,metodi86,Lora)</span>
                </div> <!-- method-content -->
              </div> <!-- method -->
              <div class="method">
                <div class="method-content">
                  <a name="testVisibilityOfSearchBarAfterLogin(testAdmin@gmail.com, Admin1.User1, M_Puh)">
                  </a> <!-- testVisibilityOfSearchBarAfterLogin(testAdmin@gmail.com, Admin1.User1, M_Puh) -->
                  <span class="method-name">testVisibilityOfSearchBarAfterLogin</span>
                  <span class="parameters">(testAdmin@gmail.com,Admin1.User1,M_Puh)</span>
                </div> <!-- method-content -->
              </div> <!-- method -->
            </div> <!-- main-panel-content rounded-window-bottom -->
          </div> <!-- suite-Default_Suite-class-passed -->
        </div> <!-- panel Default_Suite -->
        <div panel-name="test-xml-Default_Suite" class="panel">
          <div class="main-panel-header rounded-window-top">
            <span class="header-content">C:\Users\metoa\AppData\Local\JetBrains\IdeaIC2022.3\temp-testng-customsuite.xml</span>
          </div> <!-- main-panel-header rounded-window-top -->
          <div class="main-panel-content rounded-window-bottom">
            <pre>
&lt;?xml version=&quot;1.0&quot; encoding=&quot;UTF-8&quot;?&gt;
&lt;!DOCTYPE suite SYSTEM &quot;https://testng.org/testng-1.0.dtd&quot;&gt;
&lt;suite name=&quot;Default Suite&quot; guice-stage=&quot;DEVELOPMENT&quot;&gt;
  &lt;test thread-count=&quot;5&quot; name=&quot;ISkillo_Search_Test&quot;&gt;
    &lt;classes&gt;
      &lt;class name=&quot;SearchFieldTests&quot;/&gt;
    &lt;/classes&gt;
  &lt;/test&gt; &lt;!-- ISkillo_Search_Test --&gt;
&lt;/suite&gt; &lt;!-- Default Suite --&gt;
            </pre>
          </div> <!-- main-panel-content rounded-window-bottom -->
        </div> <!-- panel -->
        <div panel-name="testlist-Default_Suite" class="panel">
          <div class="main-panel-header rounded-window-top">
            <span class="header-content">Tests for Default Suite</span>
          </div> <!-- main-panel-header rounded-window-top -->
          <div class="main-panel-content rounded-window-bottom">
            <ul>
              <li>
                <span class="test-name">ISkillo_Search_Test (1 class)</span>
              </li>
            </ul>
          </div> <!-- main-panel-content rounded-window-bottom -->
        </div> <!-- panel -->
        <div panel-name="group-Default_Suite" class="panel">
          <div class="main-panel-header rounded-window-top">
            <span class="header-content">Groups for Default Suite</span>
          </div> <!-- main-panel-header rounded-window-top -->
          <div class="main-panel-content rounded-window-bottom">
          </div> <!-- main-panel-content rounded-window-bottom -->
        </div> <!-- panel -->
        <div panel-name="times-Default_Suite" class="panel">
          <div class="main-panel-header rounded-window-top">
            <span class="header-content">Times for Default Suite</span>
          </div> <!-- main-panel-header rounded-window-top -->
          <div class="main-panel-content rounded-window-bottom">
            <div class="times-div">
              <script type="text/javascript">
suiteTableInitFunctions.push('tableData_Default_Suite');
function tableData_Default_Suite() {
var data = new google.visualization.DataTable();
data.addColumn('number', 'Number');
data.addColumn('string', 'Method');
data.addColumn('string', 'Class');
data.addColumn('number', 'Time (ms)');
data.addRows(18);
data.setCell(0, 0, 0)
data.setCell(0, 1, 'testShowAllUsersInSearchField')
data.setCell(0, 2, 'SearchFieldTests')
data.setCell(0, 3, 28504);
data.setCell(1, 0, 1)
data.setCell(1, 1, 'testSearchFieldOnProfilePage')
data.setCell(1, 2, 'SearchFieldTests')
data.setCell(1, 3, 26306);
data.setCell(2, 0, 2)
data.setCell(2, 1, 'testUnFollowUserInSearchField')
data.setCell(2, 2, 'SearchFieldTests')
data.setCell(2, 3, 23537);
data.setCell(3, 0, 3)
data.setCell(3, 1, 'testShowAllUsersInSearchField')
data.setCell(3, 2, 'SearchFieldTests')
data.setCell(3, 3, 23283);
data.setCell(4, 0, 4)
data.setCell(4, 1, 'testFollowUserInSearchField')
data.setCell(4, 2, 'SearchFieldTests')
data.setCell(4, 3, 23241);
data.setCell(5, 0, 5)
data.setCell(5, 1, 'testNoResultsFoundInSearchField')
data.setCell(5, 2, 'SearchFieldTests')
data.setCell(5, 3, 22746);
data.setCell(6, 0, 6)
data.setCell(6, 1, 'testFollowUserInSearchField')
data.setCell(6, 2, 'SearchFieldTests')
data.setCell(6, 3, 22475);
data.setCell(7, 0, 7)
data.setCell(7, 1, 'testSearchFieldFindUserOnHomePage')
data.setCell(7, 2, 'SearchFieldTests')
data.setCell(7, 3, 22313);
data.setCell(8, 0, 8)
data.setCell(8, 1, 'testSearchFieldOnProfilePage')
data.setCell(8, 2, 'SearchFieldTests')
data.setCell(8, 3, 22105);
data.setCell(9, 0, 9)
data.setCell(9, 1, 'testVisibilityOfSearchBarAfterLogin')
data.setCell(9, 2, 'SearchFieldTests')
data.setCell(9, 3, 16723);
data.setCell(10, 0, 10)
data.setCell(10, 1, 'testShowAllUsersInSearchField')
data.setCell(10, 2, 'SearchFieldTests')
data.setCell(10, 3, 12227);
data.setCell(11, 0, 11)
data.setCell(11, 1, 'testNoResultsFoundInSearchField')
data.setCell(11, 2, 'SearchFieldTests')
data.setCell(11, 3, 12015);
data.setCell(12, 0, 12)
data.setCell(12, 1, 'testSearchFieldOnProfilePage')
data.setCell(12, 2, 'SearchFieldTests')
data.setCell(12, 3, 11030);
data.setCell(13, 0, 13)
data.setCell(13, 1, 'testFollowUserInSearchField')
data.setCell(13, 2, 'SearchFieldTests')
data.setCell(13, 3, 10060);
data.setCell(14, 0, 14)
data.setCell(14, 1, 'testUnFollowUserInSearchField')
data.setCell(14, 2, 'SearchFieldTests')
data.setCell(14, 3, 9837);
data.setCell(15, 0, 15)
data.setCell(15, 1, 'testFollowUserInSearchField')
data.setCell(15, 2, 'SearchFieldTests')
data.setCell(15, 3, 9079);
data.setCell(16, 0, 16)
data.setCell(16, 1, 'testSearchFieldFindUserOnHomePage')
data.setCell(16, 2, 'SearchFieldTests')
data.setCell(16, 3, 8759);
data.setCell(17, 0, 17)
data.setCell(17, 1, 'testVisibilityOfSearchBarAfterLogin')
data.setCell(17, 2, 'SearchFieldTests')
data.setCell(17, 3, 2248);
window.suiteTableData['Default_Suite']= { tableData: data, tableDiv: 'times-div-Default_Suite'}
return data;
}
              </script>
              <span class="suite-total-time">Total running time: 5 minutes</span>
              <div id="times-div-Default_Suite">
              </div> <!-- times-div-Default_Suite -->
            </div> <!-- times-div -->
          </div> <!-- main-panel-content rounded-window-bottom -->
        </div> <!-- panel -->
        <div panel-name="reporter-Default_Suite" class="panel">
          <div class="main-panel-header rounded-window-top">
            <span class="header-content">Reporter output for Default Suite</span>
          </div> <!-- main-panel-header rounded-window-top -->
          <div class="main-panel-content rounded-window-bottom">
          </div> <!-- main-panel-content rounded-window-bottom -->
        </div> <!-- panel -->
        <div panel-name="ignored-methods-Default_Suite" class="panel">
          <div class="main-panel-header rounded-window-top">
            <span class="header-content">0 ignored methods</span>
          </div> <!-- main-panel-header rounded-window-top -->
          <div class="main-panel-content rounded-window-bottom">
          </div> <!-- main-panel-content rounded-window-bottom -->
        </div> <!-- panel -->
        <div panel-name="chronological-Default_Suite" class="panel">
          <div class="main-panel-header rounded-window-top">
            <span class="header-content">Methods in chronological order</span>
          </div> <!-- main-panel-header rounded-window-top -->
          <div class="main-panel-content rounded-window-bottom">
            <div class="chronological-class">
              <div class="chronological-class-name">SearchFieldTests</div> <!-- chronological-class-name -->
              <div class="configuration-suite before">
                <span class="method-name">setupTestSuite</span>
                <span class="method-start">0 ms</span>
              </div> <!-- configuration-suite before -->
              <div class="configuration-method before">
                <span class="method-name">setUpTest</span>
                <span class="method-start">2273 ms</span>
              </div> <!-- configuration-method before -->
              <div class="test-method">
                <span class="method-name">testFollowUserInSearchField(m_puh, metodi86, Lora)</span>
                <span class="method-start">4978 ms</span>
              </div> <!-- test-method -->
              <div class="configuration-method after">
                <span class="method-name">tearDownTest([TestResult name=testFollowUserInSearchField status=SKIP method=SearchFieldTests.testFollowUserInSea...)</span>
                <span class="method-start">14060 ms</span>
              </div> <!-- configuration-method after -->
              <div class="configuration-method before">
                <span class="method-name">setUpTest</span>
                <span class="method-start">15481 ms</span>
              </div> <!-- configuration-method before -->
              <div class="test-method">
                <span class="method-name">testFollowUserInSearchField(m_puh, metodi86, Lora)</span>
                <span class="method-start">16916 ms</span>
              </div> <!-- test-method -->
              <div class="configuration-method after">
                <span class="method-name">tearDownTest([TestResult name=testFollowUserInSearchField status=SUCCESS method=SearchFieldTests.testFollowUserIn...)</span>
                <span class="method-start">26976 ms</span>
              </div> <!-- configuration-method after -->
              <div class="configuration-method before">
                <span class="method-name">setUpTest</span>
                <span class="method-start">27640 ms</span>
              </div> <!-- configuration-method before -->
              <div class="test-method">
                <span class="method-name">testFollowUserInSearchField(testAdmin@gmail.com, Admin1.User1, M_Puh)</span>
                <span class="method-start">29069 ms</span>
              </div> <!-- test-method -->
              <div class="configuration-method after">
                <span class="method-name">tearDownTest([TestResult name=testFollowUserInSearchField status=SKIP method=SearchFieldTests.testFollowUserInSea...)</span>
                <span class="method-start">51544 ms</span>
              </div> <!-- configuration-method after -->
              <div class="configuration-method before">
                <span class="method-name">setUpTest</span>
                <span class="method-start">52258 ms</span>
              </div> <!-- configuration-method before -->
              <div class="test-method">
                <img src="failed.png">
                </img>
                <span class="method-name">testFollowUserInSearchField(testAdmin@gmail.com, Admin1.User1, M_Puh)</span>
                <span class="method-start">53628 ms</span>
              </div> <!-- test-method -->
              <div class="configuration-method after">
                <span class="method-name">tearDownTest([TestResult name=testFollowUserInSearchField status=FAILURE method=SearchFieldTests.testFollowUserIn...)</span>
                <span class="method-start">76875 ms</span>
              </div> <!-- configuration-method after -->
              <div class="configuration-method before">
                <span class="method-name">setUpTest</span>
                <span class="method-start">77917 ms</span>
              </div> <!-- configuration-method before -->
              <div class="test-method">
                <img src="failed.png">
                </img>
                <span class="method-name">testNoResultsFoundInSearchField(m_puh, metodi86, Lora)</span>
                <span class="method-start">79471 ms</span>
              </div> <!-- test-method -->
              <div class="configuration-method after">
                <span class="method-name">tearDownTest([TestResult name=testNoResultsFoundInSearchField status=FAILURE method=SearchFieldTests.testNoResult...)</span>
                <span class="method-start">102229 ms</span>
              </div> <!-- configuration-method after -->
              <div class="configuration-method before">
                <span class="method-name">setUpTest</span>
                <span class="method-start">103174 ms</span>
              </div> <!-- configuration-method before -->
              <div class="test-method">
                <img src="failed.png">
                </img>
                <span class="method-name">testNoResultsFoundInSearchField(testAdmin@gmail.com, Admin1.User1, M_Puh)</span>
                <span class="method-start">104513 ms</span>
              </div> <!-- test-method -->
              <div class="configuration-method after">
                <span class="method-name">tearDownTest([TestResult name=testNoResultsFoundInSearchField status=FAILURE method=SearchFieldTests.testNoResult...)</span>
                <span class="method-start">116529 ms</span>
              </div> <!-- configuration-method after -->
              <div class="configuration-method before">
                <span class="method-name">setUpTest</span>
                <span class="method-start">117374 ms</span>
              </div> <!-- configuration-method before -->
              <div class="test-method">
                <span class="method-name">testSearchFieldFindUserOnHomePage(m_puh, metodi86, Lora)</span>
                <span class="method-start">118779 ms</span>
              </div> <!-- test-method -->
              <div class="configuration-method after">
                <span class="method-name">tearDownTest([TestResult name=testSearchFieldFindUserOnHomePage status=SUCCESS method=SearchFieldTests.testSearch...)</span>
                <span class="method-start">127539 ms</span>
              </div> <!-- configuration-method after -->
              <div class="configuration-method before">
                <span class="method-name">setUpTest</span>
                <span class="method-start">128482 ms</span>
              </div> <!-- configuration-method before -->
              <div class="test-method">
                <span class="method-name">testSearchFieldFindUserOnHomePage(testAdmin@gmail.com, Admin1.User1, M_Puh)</span>
                <span class="method-start">129961 ms</span>
              </div> <!-- test-method -->
              <div class="configuration-method after">
                <span class="method-name">tearDownTest([TestResult name=testSearchFieldFindUserOnHomePage status=SUCCESS method=SearchFieldTests.testSearch...)</span>
                <span class="method-start">152276 ms</span>
              </div> <!-- configuration-method after -->
              <div class="configuration-method before">
                <span class="method-name">setUpTest</span>
                <span class="method-start">153003 ms</span>
              </div> <!-- configuration-method before -->
              <div class="test-method">
                <span class="method-name">testSearchFieldOnProfilePage(m_puh, metodi86, Lora)</span>
                <span class="method-start">154483 ms</span>
              </div> <!-- test-method -->
              <div class="configuration-method after">
                <span class="method-name">tearDownTest([TestResult name=testSearchFieldOnProfilePage status=SUCCESS method=SearchFieldTests.testSearchField...)</span>
                <span class="method-start">165513 ms</span>
              </div> <!-- configuration-method after -->
              <div class="configuration-method before">
                <span class="method-name">setUpTest</span>
                <span class="method-start">166199 ms</span>
              </div> <!-- configuration-method before -->
              <div class="test-method">
                <span class="method-name">testSearchFieldOnProfilePage(testAdmin@gmail.com, Admin1.User1, M_Puh)</span>
                <span class="method-start">167628 ms</span>
              </div> <!-- test-method -->
              <div class="configuration-method after">
                <span class="method-name">tearDownTest([TestResult name=testSearchFieldOnProfilePage status=SKIP method=SearchFieldTests.testSearchFieldOnP...)</span>
                <span class="method-start">189733 ms</span>
              </div> <!-- configuration-method after -->
              <div class="configuration-method before">
                <span class="method-name">setUpTest</span>
                <span class="method-start">190448 ms</span>
              </div> <!-- configuration-method before -->
              <div class="test-method">
                <span class="method-name">testSearchFieldOnProfilePage(testAdmin@gmail.com, Admin1.User1, M_Puh)</span>
                <span class="method-start">191765 ms</span>
              </div> <!-- test-method -->
              <div class="configuration-method after">
                <span class="method-name">tearDownTest([TestResult name=testSearchFieldOnProfilePage status=SUCCESS method=SearchFieldTests.testSearchField...)</span>
                <span class="method-start">218072 ms</span>
              </div> <!-- configuration-method after -->
              <div class="configuration-method before">
                <span class="method-name">setUpTest</span>
                <span class="method-start">218757 ms</span>
              </div> <!-- configuration-method before -->
              <div class="test-method">
                <span class="method-name">testShowAllUsersInSearchField(m_puh, metodi86, Lora)</span>
                <span class="method-start">220128 ms</span>
              </div> <!-- test-method -->
              <div class="configuration-method after">
                <span class="method-name">tearDownTest([TestResult name=testShowAllUsersInSearchField status=SUCCESS method=SearchFieldTests.testShowAllUse...)</span>
                <span class="method-start">248632 ms</span>
              </div> <!-- configuration-method after -->
              <div class="configuration-method before">
                <span class="method-name">setUpTest</span>
                <span class="method-start">249395 ms</span>
              </div> <!-- configuration-method before -->
              <div class="test-method">
                <span class="method-name">testShowAllUsersInSearchField(testAdmin@gmail.com, Admin1.User1, M_Puh)</span>
                <span class="method-start">250837 ms</span>
              </div> <!-- test-method -->
              <div class="configuration-method after">
                <span class="method-name">tearDownTest([TestResult name=testShowAllUsersInSearchField status=SKIP method=SearchFieldTests.testShowAllUsersI...)</span>
                <span class="method-start">274120 ms</span>
              </div> <!-- configuration-method after -->
              <div class="configuration-method before">
                <span class="method-name">setUpTest</span>
                <span class="method-start">274792 ms</span>
              </div> <!-- configuration-method before -->
              <div class="test-method">
                <img src="failed.png">
                </img>
                <span class="method-name">testShowAllUsersInSearchField(testAdmin@gmail.com, Admin1.User1, M_Puh)</span>
                <span class="method-start">276113 ms</span>
              </div> <!-- test-method -->
              <div class="configuration-method after">
                <span class="method-name">tearDownTest([TestResult name=testShowAllUsersInSearchField status=FAILURE method=SearchFieldTests.testShowAllUse...)</span>
                <span class="method-start">288343 ms</span>
              </div> <!-- configuration-method after -->
              <div class="configuration-method before">
                <span class="method-name">setUpTest</span>
                <span class="method-start">289210 ms</span>
              </div> <!-- configuration-method before -->
              <div class="test-method">
                <span class="method-name">testUnFollowUserInSearchField(m_puh, metodi86, Lora)</span>
                <span class="method-start">290637 ms</span>
              </div> <!-- test-method -->
              <div class="configuration-method after">
                <span class="method-name">tearDownTest([TestResult name=testUnFollowUserInSearchField status=SUCCESS method=SearchFieldTests.testUnFollowUs...)</span>
                <span class="method-start">300475 ms</span>
              </div> <!-- configuration-method after -->
              <div class="configuration-method before">
                <span class="method-name">setUpTest</span>
                <span class="method-start">301176 ms</span>
              </div> <!-- configuration-method before -->
              <div class="test-method">
                <span class="method-name">testUnFollowUserInSearchField(testAdmin@gmail.com, Admin1.User1, M_Puh)</span>
                <span class="method-start">302610 ms</span>
              </div> <!-- test-method -->
              <div class="configuration-method after">
                <span class="method-name">tearDownTest([TestResult name=testUnFollowUserInSearchField status=SUCCESS method=SearchFieldTests.testUnFollowUs...)</span>
                <span class="method-start">326148 ms</span>
              </div> <!-- configuration-method after -->
              <div class="configuration-method before">
                <span class="method-name">setUpTest</span>
                <span class="method-start">326830 ms</span>
              </div> <!-- configuration-method before -->
              <div class="test-method">
                <span class="method-name">testVisibilityOfSearchBarAfterLogin(m_puh, metodi86, Lora)</span>
                <span class="method-start">328320 ms</span>
              </div> <!-- test-method -->
              <div class="configuration-method after">
                <span class="method-name">tearDownTest([TestResult name=testVisibilityOfSearchBarAfterLogin status=SUCCESS method=SearchFieldTests.testVisi...)</span>
                <span class="method-start">345044 ms</span>
              </div> <!-- configuration-method after -->
              <div class="configuration-method before">
                <span class="method-name">setUpTest</span>
                <span class="method-start">346173 ms</span>
              </div> <!-- configuration-method before -->
              <div class="test-method">
                <span class="method-name">testVisibilityOfSearchBarAfterLogin(testAdmin@gmail.com, Admin1.User1, M_Puh)</span>
                <span class="method-start">347592 ms</span>
              </div> <!-- test-method -->
              <div class="configuration-method after">
                <span class="method-name">tearDownTest([TestResult name=testVisibilityOfSearchBarAfterLogin status=SUCCESS method=SearchFieldTests.testVisi...)</span>
                <span class="method-start">349840 ms</span>
              </div> <!-- configuration-method after -->
          </div> <!-- main-panel-content rounded-window-bottom -->
        </div> <!-- panel -->
      </div> <!-- main-panel-root -->
    </div> <!-- wrapper -->
  </body>
<script type="text/javascript" src="testng-reports2.js"></script>
</html>
